  cylinder.cpp
U:\Multi\OpenGLSample\OpenGLSample\OpenGLSample\OpenGLSample\cylinder.cpp(5,10): fatal error C1083: Cannot open include file: 'glm/glm.hpp': No such file or directory
  halftube.cpp
U:\Multi\OpenGLSample\OpenGLSample\OpenGLSample\OpenGLSample\halftube.cpp(5,10): fatal error C1083: Cannot open include file: 'glm/glm.hpp': No such file or directory
  shader.cpp
U:\Multi\OpenGLSample\OpenGLSample\OpenGLSample\OpenGLSample\shader.cpp(13,10): fatal error C1083: Cannot open include file: 'GL/glew.h': No such file or directory
  ShapeGenerator.cpp
U:\Multi\OpenGLSample\OpenGLSample\OpenGLSample\OpenGLSample\Vertex.h(2,10): fatal error C1083: Cannot open include file: 'glm\glm.hpp': No such file or directory
  SourceInProgress.cpp
U:\Multi\OpenGLSample\OpenGLSample\OpenGLSample\OpenGLSample\SourceInProgress.cpp(1,10): fatal error C1083: Cannot open include file: 'glad/glad.h': No such file or directory
  staticMesh3D.cpp
U:\Multi\OpenGLSample\OpenGLSample\OpenGLSample\OpenGLSample\common\vertextBufferObject.h(6,10): fatal error C1083: Cannot open include file: 'glad\glad.h': No such file or directory
  staticMeshIndexed3D.cpp
U:\Multi\OpenGLSample\OpenGLSample\OpenGLSample\OpenGLSample\common\vertextBufferObject.h(6,10): fatal error C1083: Cannot open include file: 'glad\glad.h': No such file or directory
  Texture.cpp
U:\Multi\OpenGLSample\OpenGLSample\OpenGLSample\OpenGLSample\Texture.cpp(6,10): fatal error C1083: Cannot open include file: 'GL/glew.h': No such file or directory
  vboindexer.cpp
U:\Multi\OpenGLSample\OpenGLSample\OpenGLSample\OpenGLSample\vboindexer.cpp(4,10): fatal error C1083: Cannot open include file: 'glm/glm.hpp': No such file or directory
  vertexBufferObject.cpp
U:\Multi\OpenGLSample\OpenGLSample\OpenGLSample\OpenGLSample\common\vertextBufferObject.h(6,10): fatal error C1083: Cannot open include file: 'glad\glad.h': No such file or directory
